TN:
SF:src/Character.js
FN:2,(anonymous_0)
FN:18,(anonymous_1)
FN:28,(anonymous_2)
FNF:3
FNH:3
FNDA:9,(anonymous_0)
FNDA:2,(anonymous_1)
FNDA:3,(anonymous_2)
DA:3,9
DA:4,2
DA:7,7
DA:8,7
DA:9,1
DA:12,6
DA:13,6
DA:14,6
DA:15,6
DA:19,2
DA:20,1
DA:22,1
DA:23,1
DA:24,1
DA:25,1
DA:29,3
DA:31,2
DA:32,2
DA:33,1
LF:19
LH:19
BRDA:3,0,0,2
BRDA:3,0,1,7
BRDA:3,1,0,9
BRDA:3,1,1,9
BRDA:3,1,2,8
BRDA:8,2,0,1
BRDA:8,2,1,6
BRDA:19,3,0,1
BRDA:19,3,1,1
BRDA:29,4,0,1
BRDA:29,4,1,2
BRDA:32,5,0,1
BRDA:32,5,1,1
BRF:13
BRH:13
end_of_record
